<?xml version="1.0" encoding="UTF-8"?>
<!-- Generated by org.testng.reporters.JUnitReportReporter -->
<testsuite skipped="0" hostname="Anku" name="com.EmailValidations.Testcases.TC001_Login_With_MultipleUsers" tests="1" failures="0" timestamp="2021-09-03T15:16:37 IST" time="49.980" errors="0">
  <testcase name="login_to_email_account" time="49.980" classname="com.EmailValidations.Testcases.TC001_Login_With_MultipleUsers"/>
  <system-out/>
</testsuite> <!-- com.EmailValidations.Testcases.TC001_Login_With_MultipleUsers -->
