<?xml version="1.0" encoding="UTF-8"?>
<!-- Generated by org.testng.reporters.JUnitReportReporter -->
<testsuite skipped="0" hostname="Anku" name="com.LoginAndSearch.Testcases.TC001_Login_And_Search" tests="1" failures="0" timestamp="2021-09-03T15:43:37 IST" time="51.236" errors="0">
  <testcase name="login_and_searchProduct" time="51.236" classname="com.LoginAndSearch.Testcases.TC001_Login_And_Search"/>
  <system-out/>
</testsuite> <!-- com.LoginAndSearch.Testcases.TC001_Login_And_Search -->
